2024-02-23 11:53:43 - [main] INFO  c.e.p.PracticaRestauranteApplication - Starting PracticaRestauranteApplication using Java 21 with PID 26808 (C:\Users\dista\Desktop\practicaRestaurante\target\classes started by dista in C:\Users\dista\Desktop\practicaRestaurante)
2024-02-23 11:53:43 - [main] DEBUG c.e.p.PracticaRestauranteApplication - Running with Spring Boot v3.2.2, Spring v6.1.3
2024-02-23 11:53:43 - [main] INFO  c.e.p.PracticaRestauranteApplication - No active profile set, falling back to 1 default profile: "default"
2024-02-23 11:53:44 - [main] ERROR o.s.boot.SpringApplication - Application run failed

2024-02-23 11:58:28 - [main] INFO  c.e.p.PracticaRestauranteApplication - Starting PracticaRestauranteApplication using Java 21 with PID 5164 (C:\Users\dista\Desktop\practicaRestaurante\target\classes started by dista in C:\Users\dista\Desktop\practicaRestaurante)
2024-02-23 11:58:28 - [main] DEBUG c.e.p.PracticaRestauranteApplication - Running with Spring Boot v3.2.2, Spring v6.1.3
2024-02-23 11:58:28 - [main] INFO  c.e.p.PracticaRestauranteApplication - No active profile set, falling back to 1 default profile: "default"
2024-02-23 11:58:30 - [main] INFO  c.e.p.PracticaRestauranteApplication - Started PracticaRestauranteApplication in 2.246 seconds (process running for 2.736)
2024-02-23 11:59:00 - [http-nio-8080-exec-4] INFO  c.e.p.s.tableService.TableService - Table is created: Table(tableID=1, capacity=8)
2024-02-23 11:59:02 - [http-nio-8080-exec-3] INFO  c.e.p.s.tableService.TableService - Table is created: Table(tableID=2, capacity=8)
2024-02-23 11:59:03 - [http-nio-8080-exec-5] INFO  c.e.p.s.tableService.TableService - Table is created: Table(tableID=3, capacity=8)
2024-02-23 11:59:04 - [http-nio-8080-exec-2] ERROR c.e.p.s.tableService.TableService - Total capacity exceeds 30.
2024-02-23 11:59:19 - [http-nio-8080-exec-8] ERROR c.e.p.s.tableService.TableService - Table's capacity is out of range.
2024-02-23 11:59:27 - [http-nio-8080-exec-10] ERROR c.e.p.s.tableService.TableService - Table's capacity is out of range.
2024-02-23 11:59:32 - [http-nio-8080-exec-4] ERROR c.e.p.s.tableService.TableService - Total capacity exceeds 30.
2024-02-23 12:00:07 - [http-nio-8080-exec-8] ERROR c.e.p.s.tableService.TableService - Table with id 4 not found
2024-02-23 12:00:10 - [http-nio-8080-exec-9] ERROR c.e.p.s.tableService.TableService - Table with id 4 not found
2024-02-23 12:00:16 - [http-nio-8080-exec-10] INFO  c.e.p.s.tableService.TableService - Table is updated: Table(tableID=0, capacity=8)
2024-02-23 12:00:23 - [http-nio-8080-exec-1] ERROR c.e.p.s.tableService.TableService - Table's capacity is out of range.
2024-02-23 12:00:30 - [http-nio-8080-exec-5] INFO  c.e.p.s.tableService.TableService - Table is updated: Table(tableID=0, capacity=6)
2024-02-23 12:00:41 - [http-nio-8080-exec-2] INFO  c.e.p.s.tableService.TableService - Table is created: Table(tableID=4, capacity=6)
2024-02-23 12:00:42 - [http-nio-8080-exec-6] INFO  c.e.p.s.tableService.TableService - Table is created: Table(tableID=5, capacity=6)
2024-02-23 12:00:43 - [http-nio-8080-exec-7] ERROR c.e.p.s.tableService.TableService - Total capacity exceeds 30.
2024-02-23 12:02:40 - [http-nio-8080-exec-4] ERROR c.e.p.s.tableService.TableService - Table with id: 0 doesn't exist.
2024-02-23 12:03:14 - [http-nio-8080-exec-3] ERROR c.e.p.s.tableService.TableService - Table with id: 0 doesn't exist.
2024-02-23 12:09:17 - [main] INFO  c.e.p.PracticaRestauranteApplication - Starting PracticaRestauranteApplication using Java 21 with PID 12856 (C:\Users\dista\Desktop\practicaRestaurante\target\classes started by dista in C:\Users\dista\Desktop\practicaRestaurante)
2024-02-23 12:09:17 - [main] DEBUG c.e.p.PracticaRestauranteApplication - Running with Spring Boot v3.2.2, Spring v6.1.3
2024-02-23 12:09:17 - [main] INFO  c.e.p.PracticaRestauranteApplication - No active profile set, falling back to 1 default profile: "default"
2024-02-23 12:09:19 - [main] INFO  c.e.p.PracticaRestauranteApplication - Started PracticaRestauranteApplication in 2.163 seconds (process running for 2.675)
2024-02-23 12:09:27 - [http-nio-8080-exec-2] INFO  c.e.p.s.tableService.TableService - Table is created: Table(tableID=1, capacity=6)
2024-02-23 12:09:28 - [http-nio-8080-exec-3] INFO  c.e.p.s.tableService.TableService - Table is created: Table(tableID=2, capacity=6)
2024-02-23 12:09:29 - [http-nio-8080-exec-4] INFO  c.e.p.s.tableService.TableService - Table is created: Table(tableID=3, capacity=6)
2024-02-23 12:09:30 - [http-nio-8080-exec-5] INFO  c.e.p.s.tableService.TableService - Table is created: Table(tableID=4, capacity=6)
2024-02-23 12:09:30 - [http-nio-8080-exec-6] INFO  c.e.p.s.tableService.TableService - Table is created: Table(tableID=5, capacity=6)
2024-02-23 12:09:31 - [http-nio-8080-exec-7] ERROR c.e.p.s.tableService.TableService - Total capacity exceeds 30.
2024-02-23 12:09:56 - [http-nio-8080-exec-2] ERROR c.e.p.s.tableService.TableService - Table with id: 0 doesn't exist.
2024-02-23 12:10:02 - [http-nio-8080-exec-3] INFO  c.e.p.s.tableService.TableService - Table is deleted: Table(tableID=4, capacity=6)
2024-02-23 12:10:07 - [http-nio-8080-exec-4] INFO  c.e.p.s.tableService.TableService - Table is deleted: Table(tableID=3, capacity=6)
2024-02-23 12:10:23 - [http-nio-8080-exec-6] INFO  c.e.p.s.tableService.TableService - Table is created: Table(tableID=6, capacity=8)
2024-02-23 12:10:24 - [http-nio-8080-exec-7] ERROR c.e.p.s.tableService.TableService - Total capacity exceeds 30.
2024-02-23 12:11:42 - [http-nio-8080-exec-2] ERROR c.e.p.s.bookService.BookingService - Table's ID doesn't exist,so creating/updating booking is failed.
2024-02-23 12:12:13 - [http-nio-8080-exec-3] ERROR c.e.p.s.bookService.BookingService - Day or Time isn't int,so creating/updating booking is failed.
2024-02-23 12:12:24 - [http-nio-8080-exec-6] INFO  c.e.p.s.bookService.BookingService - Created booking: Booking(bookingID=1, tableID=1, day=12, startTime=2, customer=Customer(name=Ana, surname=Ting, tel=543891113), guestNumber=4, bookingDuration=1)
2024-02-23 12:12:45 - [http-nio-8080-exec-9] INFO  c.e.p.s.bookService.BookingService - Created booking: Booking(bookingID=2, tableID=1, day=23, startTime=2, customer=Customer(name=Asofiana, surname=Ting, tel=543891113), guestNumber=4, bookingDuration=1)
2024-02-23 12:12:46 - [http-nio-8080-exec-8] ERROR c.e.p.s.bookService.BookingService - Availability conflict with another previous booking,so creating/updating booking is failed.
2024-02-23 12:12:56 - [http-nio-8080-exec-10] ERROR c.e.p.s.bookService.BookingService - Availability conflict with another previous booking,so creating/updating booking is failed.
2024-02-23 12:13:04 - [http-nio-8080-exec-1] INFO  c.e.p.s.bookService.BookingService - Created booking: Booking(bookingID=3, tableID=2, day=23, startTime=2, customer=Customer(name=sofia, surname=Ting, tel=543891113), guestNumber=4, bookingDuration=1)
2024-02-23 12:13:25 - [http-nio-8080-exec-2] INFO  c.e.p.s.bookService.BookingService - Created booking: Booking(bookingID=4, tableID=2, day=30, startTime=12, customer=Customer(name=sofia, surname=Ting, tel=543891113), guestNumber=4, bookingDuration=1)
2024-02-23 12:13:29 - [http-nio-8080-exec-4] ERROR c.e.p.s.bookService.BookingService - Availability conflict with another previous booking,so creating/updating booking is failed.
2024-02-23 12:13:33 - [http-nio-8080-exec-3] ERROR c.e.p.s.bookService.BookingService - Exceeds table' capacity,so creating/updating booking is failed.
2024-02-23 12:13:38 - [http-nio-8080-exec-6] ERROR c.e.p.s.bookService.BookingService - Availability conflict with another previous booking,so creating/updating booking is failed.
2024-02-23 12:13:48 - [http-nio-8080-exec-7] ERROR c.e.p.s.bookService.BookingService - Table's ID doesn't exist,so creating/updating booking is failed.
2024-02-23 12:13:52 - [http-nio-8080-exec-8] INFO  c.e.p.s.bookService.BookingService - Created booking: Booking(bookingID=5, tableID=5, day=30, startTime=12, customer=Customer(name=sofia, surname=Ting, tel=543891113), guestNumber=5, bookingDuration=1)
2024-02-23 12:14:58 - [http-nio-8080-exec-9] INFO  c.e.p.s.bookService.BookingService - Updated booking: Booking(bookingID=2, tableID=2, day=4, startTime=2, customer=Customer(name=Sofia, surname=Ting, tel=640091113), guestNumber=1, bookingDuration=1)
2024-02-23 12:15:21 - [http-nio-8080-exec-10] ERROR c.e.p.s.bookService.BookingService - Booking with id: 19 doesn't exist.
2024-02-23 12:15:58 - [http-nio-8080-exec-1] ERROR c.e.p.s.bookService.BookingService - Booking with id: 0 doesn't exist.
2024-02-23 12:16:07 - [http-nio-8080-exec-2] INFO  c.e.p.s.bookService.BookingService - Cacelled booking: Booking(bookingID=4, tableID=2, day=30, startTime=12, customer=Customer(name=sofia, surname=Ting, tel=543891113), guestNumber=4, bookingDuration=1)
2024-02-23 12:16:20 - [http-nio-8080-exec-3] INFO  c.e.p.s.bookService.BookingService - Booking for day:23: [Booking(bookingID=3, tableID=2, day=23, startTime=2, customer=Customer(name=sofia, surname=Ting, tel=543891113), guestNumber=4, bookingDuration=1)]
2024-02-23 12:16:29 - [http-nio-8080-exec-5] INFO  c.e.p.s.bookService.BookingService - Table available for day:19, start time: 1 , end time: 23: [Table(tableID=1, capacity=6), Table(tableID=2, capacity=6), Table(tableID=5, capacity=6), Table(tableID=6, capacity=8)]
2024-02-23 12:18:03 - [http-nio-8080-exec-8] INFO  c.e.p.s.bookService.BookingService - Table available for day:23, start time: 1 , end time: 23: [Table(tableID=1, capacity=6), Table(tableID=5, capacity=6), Table(tableID=6, capacity=8)]
2024-02-23 12:18:12 - [http-nio-8080-exec-10] INFO  c.e.p.s.bookService.BookingService - Table available for day:23, start time: 1 , end time: 3: [Table(tableID=1, capacity=6), Table(tableID=5, capacity=6), Table(tableID=6, capacity=8)]
2024-02-23 12:18:31 - [http-nio-8080-exec-1] INFO  c.e.p.s.bookService.BookingService - Created booking: Booking(bookingID=6, tableID=6, day=12, startTime=2, customer=Customer(name=sofia, surname=Ting, tel=543891113), guestNumber=5, bookingDuration=1)
2024-02-23 12:18:40 - [http-nio-8080-exec-2] INFO  c.e.p.s.bookService.BookingService - Table available for day:23, start time: 1 , end time: 5: [Table(tableID=1, capacity=6), Table(tableID=5, capacity=6), Table(tableID=6, capacity=8)]
2024-02-23 12:19:12 - [http-nio-8080-exec-3] INFO  c.e.p.s.bookService.BookingService - Created booking: Booking(bookingID=7, tableID=6, day=23, startTime=2, customer=Customer(name=sofia, surname=Ting, tel=543891113), guestNumber=5, bookingDuration=1)
2024-02-23 12:19:17 - [http-nio-8080-exec-6] INFO  c.e.p.s.bookService.BookingService - Table available for day:23, start time: 1 , end time: 5: [Table(tableID=1, capacity=6), Table(tableID=5, capacity=6)]
2024-02-23 12:19:23 - [http-nio-8080-exec-7] INFO  c.e.p.s.bookService.BookingService - Booking for day:23: [Booking(bookingID=3, tableID=2, day=23, startTime=2, customer=Customer(name=sofia, surname=Ting, tel=543891113), guestNumber=4, bookingDuration=1), Booking(bookingID=7, tableID=6, day=23, startTime=2, customer=Customer(name=sofia, surname=Ting, tel=543891113), guestNumber=5, bookingDuration=1)]
2024-02-23 12:19:50 - [http-nio-8080-exec-8] INFO  c.e.p.s.bookService.BookingService - Cacelled booking: Booking(bookingID=2, tableID=2, day=4, startTime=2, customer=Customer(name=Sofia, surname=Ting, tel=640091113), guestNumber=1, bookingDuration=1)
2024-02-23 12:19:50 - [http-nio-8080-exec-8] INFO  c.e.p.s.bookService.BookingService - Cacelled booking: Booking(bookingID=3, tableID=2, day=23, startTime=2, customer=Customer(name=sofia, surname=Ting, tel=543891113), guestNumber=4, bookingDuration=1)
2024-02-23 12:19:50 - [http-nio-8080-exec-8] INFO  c.e.p.s.tableService.TableService - Table is deleted: Table(tableID=2, capacity=6)
2024-02-23 12:20:12 - [main] INFO  c.e.p.PracticaRestauranteApplication - Starting PracticaRestauranteApplication using Java 21 with PID 18816 (C:\Users\dista\Desktop\practicaRestaurante\target\classes started by dista in C:\Users\dista\Desktop\practicaRestaurante)
2024-02-23 12:20:12 - [main] DEBUG c.e.p.PracticaRestauranteApplication - Running with Spring Boot v3.2.2, Spring v6.1.3
2024-02-23 12:20:12 - [main] INFO  c.e.p.PracticaRestauranteApplication - No active profile set, falling back to 1 default profile: "default"
2024-02-23 12:20:13 - [main] INFO  c.e.p.PracticaRestauranteApplication - Started PracticaRestauranteApplication in 2.204 seconds (process running for 2.61)
2024-02-23 12:20:29 - [http-nio-8080-exec-4] ERROR c.e.p.s.tableService.TableService - Table with id 2 not found
2024-02-23 12:20:32 - [http-nio-8080-exec-5] ERROR c.e.p.s.tableService.TableService - Table with id: 2 doesn't exist.
2024-02-23 12:20:41 - [http-nio-8080-exec-8] ERROR o.a.c.c.C.[.[.[.[dispatcherServlet] - Servlet.service() for servlet [dispatcherServlet] in context with path [] threw exception [Request processing failed: java.lang.NullPointerException: Cannot invoke "com.example.practicaRestaurante.model.Booking.getBookingID()" because "oldBooking" is null] with root cause
2024-02-23 12:21:20 - [http-nio-8080-exec-10] ERROR c.e.p.s.bookService.BookingService - Booking with id: 4 doesn't exist.
2024-02-23 12:21:28 - [http-nio-8080-exec-1] ERROR c.e.p.s.bookService.BookingService - Booking with id: 0 doesn't exist.
2024-02-23 12:21:37 - [http-nio-8080-exec-3] ERROR c.e.p.s.bookService.BookingService - Booking with id: 2 doesn't exist.
2024-02-23 12:21:40 - [http-nio-8080-exec-4] INFO  c.e.p.s.bookService.BookingService - Booking for day:23: []
2024-02-23 12:21:43 - [http-nio-8080-exec-5] INFO  c.e.p.s.bookService.BookingService - Table available for day:23, start time: 1 , end time: 5: []
2024-02-23 21:08:45 - [main] INFO  c.e.p.PracticaRestauranteApplication - Starting PracticaRestauranteApplication using Java 21 with PID 7144 (C:\Users\dista\Desktop\practicaRestaurante\target\classes started by dista in C:\Users\dista\Desktop\practicaRestaurante)
2024-02-23 21:08:45 - [main] DEBUG c.e.p.PracticaRestauranteApplication - Running with Spring Boot v3.2.2, Spring v6.1.3
2024-02-23 21:08:45 - [main] INFO  c.e.p.PracticaRestauranteApplication - No active profile set, falling back to 1 default profile: "default"
2024-02-23 21:08:46 - [main] INFO  c.e.p.PracticaRestauranteApplication - Started PracticaRestauranteApplication in 1.717 seconds (process running for 2.451)
2024-02-23 21:10:26 - [main] INFO  c.e.p.PracticaRestauranteApplication - Starting PracticaRestauranteApplication using Java 21 with PID 22964 (C:\Users\dista\Desktop\practicaRestaurante\target\classes started by dista in C:\Users\dista\Desktop\practicaRestaurante)
2024-02-23 21:10:26 - [main] DEBUG c.e.p.PracticaRestauranteApplication - Running with Spring Boot v3.2.2, Spring v6.1.3
2024-02-23 21:10:26 - [main] INFO  c.e.p.PracticaRestauranteApplication - No active profile set, falling back to 1 default profile: "default"
2024-02-23 21:10:27 - [main] INFO  c.e.p.PracticaRestauranteApplication - Started PracticaRestauranteApplication in 1.552 seconds (process running for 1.901)
2024-02-23 21:10:43 - [http-nio-8080-exec-6] ERROR c.e.p.s.bookService.BookingService - Can't find booking with id: 2 for updating.
2024-02-23 21:10:43 - [http-nio-8080-exec-6] ERROR c.e.p.s.bookService.BookingService - Table's ID doesn't exist,so creating/updating booking is failed.
2024-02-23 21:11:23 - [http-nio-8080-exec-5] ERROR c.e.p.s.bookService.BookingService - Can't find booking with id: 2 for updating.
2024-02-23 21:11:23 - [http-nio-8080-exec-5] ERROR c.e.p.s.bookService.BookingService - Table's ID doesn't exist,so creating/updating booking is failed.
2024-02-23 21:11:27 - [http-nio-8080-exec-8] INFO  c.e.p.s.tableService.TableService - Table is created: Table(tableID=1, capacity=8)
2024-02-23 21:11:36 - [http-nio-8080-exec-10] ERROR c.e.p.s.tableService.TableService - Table with id: 2 doesn't exist.
2024-02-23 21:11:40 - [http-nio-8080-exec-1] INFO  c.e.p.s.tableService.TableService - Table is deleted: Table(tableID=1, capacity=8)
2024-02-23 21:11:44 - [http-nio-8080-exec-6] ERROR c.e.p.s.tableService.TableService - Table with id 2 not found
2024-02-23 21:11:53 - [http-nio-8080-exec-5] ERROR c.e.p.s.bookService.BookingService - Can't find booking with id: 2 for updating.
2024-02-23 21:11:53 - [http-nio-8080-exec-5] ERROR c.e.p.s.bookService.BookingService - Table's ID doesn't exist,so creating/updating booking is failed.
2024-02-23 21:12:04 - [http-nio-8080-exec-9] ERROR c.e.p.s.bookService.BookingService - Can't find booking with id: 0 for updating.
2024-02-23 21:12:04 - [http-nio-8080-exec-9] ERROR c.e.p.s.bookService.BookingService - Table's ID doesn't exist,so creating/updating booking is failed.
2024-02-23 21:12:24 - [http-nio-8080-exec-1] ERROR c.e.p.s.tableService.TableService - Table with id 0 not found
2024-02-23 21:12:32 - [http-nio-8080-exec-2] ERROR c.e.p.s.tableService.TableService - Table with id 0 not found
2024-02-23 21:12:36 - [http-nio-8080-exec-7] ERROR c.e.p.s.tableService.TableService - Table with id 99 not found
2024-02-23 21:12:39 - [http-nio-8080-exec-4] ERROR c.e.p.s.bookService.BookingService - Can't find booking with id: 0 for updating.
2024-02-23 21:12:39 - [http-nio-8080-exec-4] ERROR c.e.p.s.bookService.BookingService - Table's ID doesn't exist,so creating/updating booking is failed.
2024-02-23 21:12:44 - [http-nio-8080-exec-3] ERROR c.e.p.s.bookService.BookingService - Can't find booking with id: 7 for updating.
2024-02-23 21:12:44 - [http-nio-8080-exec-3] ERROR c.e.p.s.bookService.BookingService - Table's ID doesn't exist,so creating/updating booking is failed.
2024-02-23 21:16:07 - [main] INFO  c.e.p.PracticaRestauranteApplication - Starting PracticaRestauranteApplication using Java 21 with PID 1536 (C:\Users\dista\Desktop\practicaRestaurante\target\classes started by dista in C:\Users\dista\Desktop\practicaRestaurante)
2024-02-23 21:16:07 - [main] DEBUG c.e.p.PracticaRestauranteApplication - Running with Spring Boot v3.2.2, Spring v6.1.3
2024-02-23 21:16:07 - [main] INFO  c.e.p.PracticaRestauranteApplication - No active profile set, falling back to 1 default profile: "default"
2024-02-23 21:16:08 - [main] INFO  c.e.p.PracticaRestauranteApplication - Started PracticaRestauranteApplication in 1.626 seconds (process running for 2.141)
2024-02-23 21:17:10 - [http-nio-8080-exec-2] ERROR c.e.p.s.bookService.BookingService - Can't find booking with id: 7 for updating.
2024-02-23 21:19:07 - [http-nio-8080-exec-2] ERROR c.e.p.s.bookService.BookingService - Table's ID doesn't exist,so creating/updating booking is failed.
2024-02-23 21:19:09 - [main] INFO  c.e.p.PracticaRestauranteApplication - Starting PracticaRestauranteApplication using Java 21 with PID 30620 (C:\Users\dista\Desktop\practicaRestaurante\target\classes started by dista in C:\Users\dista\Desktop\practicaRestaurante)
2024-02-23 21:19:09 - [main] DEBUG c.e.p.PracticaRestauranteApplication - Running with Spring Boot v3.2.2, Spring v6.1.3
2024-02-23 21:19:09 - [main] INFO  c.e.p.PracticaRestauranteApplication - No active profile set, falling back to 1 default profile: "default"
2024-02-23 21:19:10 - [main] INFO  c.e.p.PracticaRestauranteApplication - Started PracticaRestauranteApplication in 1.505 seconds (process running for 1.86)
2024-02-23 21:19:20 - [http-nio-8080-exec-4] ERROR c.e.p.s.tableService.TableService - Table with id 99 not found
2024-02-23 21:19:25 - [http-nio-8080-exec-5] ERROR c.e.p.s.tableService.TableService - Table with id 9 not found
2024-02-23 21:19:27 - [http-nio-8080-exec-6] ERROR c.e.p.s.tableService.TableService - Table with id: 1 doesn't exist.
2024-02-23 21:19:40 - [http-nio-8080-exec-9] ERROR c.e.p.s.bookService.BookingService - Can't find booking with id: 7 for updating.
2024-02-23 21:19:46 - [http-nio-8080-exec-10] ERROR c.e.p.s.bookService.BookingService - Can't find booking with id: 2 for updating.
2024-02-23 21:19:49 - [http-nio-8080-exec-1] ERROR c.e.p.s.bookService.BookingService - Can't find booking with id: 0 for updating.
2024-02-23 21:19:58 - [http-nio-8080-exec-3] ERROR c.e.p.s.bookService.BookingService - Can't find booking with id: 5 for updating.
2024-02-23 21:20:00 - [http-nio-8080-exec-4] ERROR c.e.p.s.bookService.BookingService - Booking with id: 2 doesn't exist.
2024-02-23 21:20:03 - [http-nio-8080-exec-5] INFO  c.e.p.s.bookService.BookingService - Booking for day:23: []
2024-02-23 21:20:05 - [http-nio-8080-exec-6] INFO  c.e.p.s.bookService.BookingService - Table available for day:23, start time: 1 , end time: 5: []
2024-02-23 21:23:08 - [main] INFO  c.e.p.PracticaRestauranteApplication - Starting PracticaRestauranteApplication using Java 21 with PID 15904 (C:\Users\dista\Desktop\practicaRestaurante\target\classes started by dista in C:\Users\dista\Desktop\practicaRestaurante)
2024-02-23 21:23:08 - [main] DEBUG c.e.p.PracticaRestauranteApplication - Running with Spring Boot v3.2.2, Spring v6.1.3
2024-02-23 21:23:08 - [main] INFO  c.e.p.PracticaRestauranteApplication - No active profile set, falling back to 1 default profile: "default"
2024-02-23 21:23:09 - [main] INFO  c.e.p.PracticaRestauranteApplication - Started PracticaRestauranteApplication in 1.633 seconds (process running for 2.051)
2024-02-23 21:26:36 - [http-nio-8080-exec-2] INFO  c.e.p.s.tableService.TableService - Table is created: Table(tableID=1, capacity=8)
2024-02-23 21:26:39 - [main] INFO  c.e.p.PracticaRestauranteApplication - Starting PracticaRestauranteApplication using Java 21 with PID 20104 (C:\Users\dista\Desktop\practicaRestaurante\target\classes started by dista in C:\Users\dista\Desktop\practicaRestaurante)
2024-02-23 21:26:39 - [main] DEBUG c.e.p.PracticaRestauranteApplication - Running with Spring Boot v3.2.2, Spring v6.1.3
2024-02-23 21:26:39 - [main] INFO  c.e.p.PracticaRestauranteApplication - No active profile set, falling back to 1 default profile: "default"
2024-02-23 21:26:40 - [main] INFO  c.e.p.PracticaRestauranteApplication - Started PracticaRestauranteApplication in 1.553 seconds (process running for 1.907)
2024-02-23 21:26:46 - [http-nio-8080-exec-1] INFO  c.e.p.s.tableService.TableService - Table is created: Table(tableID=1, capacity=8)
2024-02-23 21:26:47 - [http-nio-8080-exec-3] INFO  c.e.p.s.tableService.TableService - Table is created: Table(tableID=2, capacity=8)
2024-02-23 21:26:47 - [http-nio-8080-exec-4] INFO  c.e.p.s.tableService.TableService - Table is created: Table(tableID=3, capacity=8)
2024-02-23 21:26:49 - [http-nio-8080-exec-5] ERROR c.e.p.s.tableService.TableService - Total capacity exceeds 30. Current capacity(isCapacityExceed) is: 24
2024-02-23 21:26:50 - [http-nio-8080-exec-7] ERROR c.e.p.s.tableService.TableService - Total capacity exceeds 30. Current capacity(isCapacityExceed) is: 24
2024-02-23 21:26:54 - [http-nio-8080-exec-9] INFO  c.e.p.s.tableService.TableService - Table is created: Table(tableID=4, capacity=6)
2024-02-23 21:27:02 - [http-nio-8080-exec-2] ERROR c.e.p.s.tableService.TableService - Table with id 9 not found
2024-02-23 21:27:06 - [http-nio-8080-exec-1] INFO  c.e.p.s.tableService.TableService - Table is updated: Table(tableID=0, capacity=6)
2024-02-23 21:27:10 - [http-nio-8080-exec-3] INFO  c.e.p.s.tableService.TableService - Table is updated: Table(tableID=0, capacity=6)
2024-02-23 21:27:25 - [http-nio-8080-exec-5] INFO  c.e.p.s.tableService.TableService - Table is updated: Table(tableID=0, capacity=8)
2024-02-23 21:27:28 - [http-nio-8080-exec-6] ERROR c.e.p.s.tableService.TableService - Total capacity exceeds 30. Current capacity(isCapacityExceed) is: 28
2024-02-23 21:27:33 - [http-nio-8080-exec-8] ERROR c.e.p.s.tableService.TableService - Total capacity exceeds 30. Current capacity(isCapacityExceed) is: 28
2024-02-23 21:27:43 - [main] INFO  c.e.p.PracticaRestauranteApplication - Starting PracticaRestauranteApplication using Java 21 with PID 15892 (C:\Users\dista\Desktop\practicaRestaurante\target\classes started by dista in C:\Users\dista\Desktop\practicaRestaurante)
2024-02-23 21:27:43 - [main] DEBUG c.e.p.PracticaRestauranteApplication - Running with Spring Boot v3.2.2, Spring v6.1.3
2024-02-23 21:27:43 - [main] INFO  c.e.p.PracticaRestauranteApplication - No active profile set, falling back to 1 default profile: "default"
2024-02-23 21:27:44 - [main] INFO  c.e.p.PracticaRestauranteApplication - Started PracticaRestauranteApplication in 1.448 seconds (process running for 1.837)
2024-02-23 21:28:09 - [http-nio-8080-exec-1] INFO  c.e.p.s.tableService.TableService - Table is created: Table(tableID=1, capacity=8)
2024-02-23 21:28:09 - [http-nio-8080-exec-3] INFO  c.e.p.s.tableService.TableService - Table is created: Table(tableID=2, capacity=8)
2024-02-23 21:28:10 - [http-nio-8080-exec-9] INFO  c.e.p.s.tableService.TableService - Table is created: Table(tableID=3, capacity=8)
2024-02-23 21:28:13 - [http-nio-8080-exec-2] INFO  c.e.p.s.tableService.TableService - Table is created: Table(tableID=4, capacity=6)
2024-02-23 21:28:32 - [http-nio-8080-exec-6] INFO  c.e.p.s.tableService.TableService - Table is updated: Table(tableID=0, capacity=6)
2024-02-23 21:28:37 - [http-nio-8080-exec-8] ERROR c.e.p.s.tableService.TableService - Total capacity exceeds 30. Current capacity(isCapacityExceed) is: 28
2024-02-23 21:28:39 - [http-nio-8080-exec-10] ERROR c.e.p.s.tableService.TableService - Total capacity exceeds 30. Current capacity(isCapacityExceed) is: 28
2024-02-23 21:28:48 - [http-nio-8080-exec-1] INFO  c.e.p.s.tableService.TableService - Table is deleted: Table(tableID=1, capacity=8)
2024-02-23 21:28:51 - [http-nio-8080-exec-3] INFO  c.e.p.s.tableService.TableService - Table is created: Table(tableID=5, capacity=6)
2024-02-23 21:28:52 - [http-nio-8080-exec-9] ERROR c.e.p.s.tableService.TableService - Total capacity exceeds 30. Current capacity(isCapacityExceed) is: 26
2024-02-23 21:28:53 - [http-nio-8080-exec-7] ERROR c.e.p.s.tableService.TableService - Total capacity exceeds 30. Current capacity(isCapacityExceed) is: 26
2024-02-23 21:29:16 - [http-nio-8080-exec-5] INFO  c.e.p.s.tableService.TableService - Table is updated: Table(tableID=0, capacity=8)
2024-02-23 21:29:26 - [http-nio-8080-exec-4] ERROR c.e.p.s.tableService.TableService - Total capacity exceeds 30. Current capacity(isCapacityExceed) is: 28
2024-02-23 21:29:27 - [http-nio-8080-exec-1] ERROR c.e.p.s.tableService.TableService - Total capacity exceeds 30. Current capacity(isCapacityExceed) is: 28
