2024-02-20 00:32:57 - [main] INFO  c.e.p.PracticaRestauranteApplication - Starting PracticaRestauranteApplication using Java 21 with PID 1144 (C:\Users\dista\Desktop\practicaRestaurante\target\classes started by dista in C:\Users\dista\Desktop\practicaRestaurante)
2024-02-20 00:32:57 - [main] DEBUG c.e.p.PracticaRestauranteApplication - Running with Spring Boot v3.2.2, Spring v6.1.3
2024-02-20 00:32:57 - [main] INFO  c.e.p.PracticaRestauranteApplication - No active profile set, falling back to 1 default profile: "default"
2024-02-20 00:32:58 - [main] INFO  c.e.p.PracticaRestauranteApplication - Starting PracticaRestauranteApplication using Java 21 with PID 27852 (C:\Users\dista\Desktop\practicaRestaurante\target\classes started by dista in C:\Users\dista\Desktop\practicaRestaurante)
2024-02-20 00:32:58 - [main] DEBUG c.e.p.PracticaRestauranteApplication - Running with Spring Boot v3.2.2, Spring v6.1.3
2024-02-20 00:32:58 - [main] INFO  c.e.p.PracticaRestauranteApplication - No active profile set, falling back to 1 default profile: "default"
2024-02-20 00:32:59 - [main] ERROR o.s.b.d.LoggingFailureAnalysisReporter - 

***************************
APPLICATION FAILED TO START
***************************

Description:

Web server failed to start. Port 8080 was already in use.

Action:

Identify and stop the process that's listening on port 8080 or configure this application to listen on another port.

2024-02-20 00:33:00 - [main] ERROR o.s.b.d.LoggingFailureAnalysisReporter - 

***************************
APPLICATION FAILED TO START
***************************

Description:

Web server failed to start. Port 8080 was already in use.

Action:

Identify and stop the process that's listening on port 8080 or configure this application to listen on another port.

2024-02-20 00:33:03 - [main] INFO  c.e.p.PracticaRestauranteApplication - Starting PracticaRestauranteApplication using Java 21 with PID 28464 (C:\Users\dista\Desktop\practicaRestaurante\target\classes started by dista in C:\Users\dista\Desktop\practicaRestaurante)
2024-02-20 00:33:03 - [main] DEBUG c.e.p.PracticaRestauranteApplication - Running with Spring Boot v3.2.2, Spring v6.1.3
2024-02-20 00:33:03 - [main] INFO  c.e.p.PracticaRestauranteApplication - No active profile set, falling back to 1 default profile: "default"
2024-02-20 00:33:04 - [main] ERROR o.s.b.d.LoggingFailureAnalysisReporter - 

***************************
APPLICATION FAILED TO START
***************************

Description:

Web server failed to start. Port 8080 was already in use.

Action:

Identify and stop the process that's listening on port 8080 or configure this application to listen on another port.

2024-02-20 00:34:06 - [main] INFO  c.e.p.PracticaRestauranteApplication - Starting PracticaRestauranteApplication using Java 21 with PID 13896 (C:\Users\dista\Desktop\practicaRestaurante\target\classes started by dista in C:\Users\dista\Desktop\practicaRestaurante)
2024-02-20 00:34:06 - [main] DEBUG c.e.p.PracticaRestauranteApplication - Running with Spring Boot v3.2.2, Spring v6.1.3
2024-02-20 00:34:06 - [main] INFO  c.e.p.PracticaRestauranteApplication - No active profile set, falling back to 1 default profile: "default"
2024-02-20 00:34:07 - [main] INFO  c.e.p.PracticaRestauranteApplication - Started PracticaRestauranteApplication in 1.617 seconds (process running for 1.958)
2024-02-20 00:34:08 - [main] INFO  c.e.p.PracticaRestauranteApplication - Starting PracticaRestauranteApplication using Java 21 with PID 28072 (C:\Users\dista\Desktop\practicaRestaurante\target\classes started by dista in C:\Users\dista\Desktop\practicaRestaurante)
2024-02-20 00:34:08 - [main] DEBUG c.e.p.PracticaRestauranteApplication - Running with Spring Boot v3.2.2, Spring v6.1.3
2024-02-20 00:34:08 - [main] INFO  c.e.p.PracticaRestauranteApplication - No active profile set, falling back to 1 default profile: "default"
2024-02-20 00:34:10 - [main] INFO  c.e.p.PracticaRestauranteApplication - Started PracticaRestauranteApplication in 1.682 seconds (process running for 2.116)
2024-02-20 00:34:12 - [main] INFO  c.e.p.PracticaRestauranteApplication - Starting PracticaRestauranteApplication using Java 21 with PID 24976 (C:\Users\dista\Desktop\practicaRestaurante\target\classes started by dista in C:\Users\dista\Desktop\practicaRestaurante)
2024-02-20 00:34:12 - [main] DEBUG c.e.p.PracticaRestauranteApplication - Running with Spring Boot v3.2.2, Spring v6.1.3
2024-02-20 00:34:12 - [main] INFO  c.e.p.PracticaRestauranteApplication - No active profile set, falling back to 1 default profile: "default"
2024-02-20 00:34:13 - [main] INFO  c.e.p.PracticaRestauranteApplication - Started PracticaRestauranteApplication in 1.635 seconds (process running for 2.056)
2024-02-20 00:34:18 - [http-nio-8080-exec-2] INFO  c.e.p.s.tableService.TableService - Table is created: Table(tableID=1, capacity=6)
2024-02-20 00:34:19 - [http-nio-8080-exec-3] INFO  c.e.p.s.tableService.TableService - Table is created: Table(tableID=2, capacity=6)
2024-02-20 00:36:13 - [http-nio-8080-exec-5] INFO  c.e.p.s.tableService.TableService - Table is updated: Table(tableID=0, capacity=8)
2024-02-20 09:46:48 - [main] INFO  c.e.p.PracticaRestauranteApplication - Starting PracticaRestauranteApplication using Java 21 with PID 28268 (C:\Users\dista\Desktop\practicaRestaurante\target\classes started by dista in C:\Users\dista\Desktop\practicaRestaurante)
2024-02-20 09:46:48 - [main] DEBUG c.e.p.PracticaRestauranteApplication - Running with Spring Boot v3.2.2, Spring v6.1.3
2024-02-20 09:46:48 - [main] INFO  c.e.p.PracticaRestauranteApplication - No active profile set, falling back to 1 default profile: "default"
2024-02-20 09:46:50 - [main] INFO  c.e.p.PracticaRestauranteApplication - Started PracticaRestauranteApplication in 2.145 seconds (process running for 2.752)
2024-02-20 09:48:23 - [http-nio-8080-exec-1] INFO  c.e.p.s.tableService.TableService - Table is created: Table(tableID=1, capacity=8)
2024-02-20 09:48:25 - [http-nio-8080-exec-3] INFO  c.e.p.s.tableService.TableService - Table is created: Table(tableID=2, capacity=8)
2024-02-20 09:48:25 - [http-nio-8080-exec-4] INFO  c.e.p.s.tableService.TableService - Table is created: Table(tableID=3, capacity=8)
2024-02-20 09:48:26 - [http-nio-8080-exec-5] ERROR c.e.p.s.tableService.TableService - Total capacity exceeds 30.
2024-02-20 09:48:30 - [http-nio-8080-exec-7] INFO  c.e.p.s.tableService.TableService - Table is created: Table(tableID=4, capacity=6)
2024-02-20 09:48:32 - [http-nio-8080-exec-8] ERROR c.e.p.s.tableService.TableService - Total capacity exceeds 30.
2024-02-20 09:48:53 - [http-nio-8080-exec-1] INFO  c.e.p.s.tableService.TableService - Table is updated: Table(tableID=0, capacity=8)
2024-02-20 09:48:59 - [http-nio-8080-exec-3] INFO  c.e.p.s.tableService.TableService - Table is updated: Table(tableID=0, capacity=6)
2024-02-20 09:49:04 - [http-nio-8080-exec-4] INFO  c.e.p.s.tableService.TableService - Table is updated: Table(tableID=0, capacity=6)
2024-02-20 09:49:15 - [http-nio-8080-exec-6] INFO  c.e.p.s.tableService.TableService - Table is deleted: Table(tableID=2, capacity=6)
2024-02-20 09:49:20 - [http-nio-8080-exec-7] INFO  c.e.p.s.tableService.TableService - Table is deleted: Table(tableID=3, capacity=8)
2024-02-20 09:49:40 - [http-nio-8080-exec-9] INFO  c.e.p.s.tableService.TableService - Table is updated: Table(tableID=0, capacity=8)
2024-02-20 09:49:44 - [http-nio-8080-exec-10] INFO  c.e.p.s.tableService.TableService - Table is updated: Table(tableID=0, capacity=8)
2024-02-20 09:49:49 - [http-nio-8080-exec-2] INFO  c.e.p.s.tableService.TableService - Table is created: Table(tableID=5, capacity=6)
2024-02-20 09:49:50 - [http-nio-8080-exec-1] INFO  c.e.p.s.tableService.TableService - Table is created: Table(tableID=6, capacity=6)
2024-02-20 09:49:50 - [http-nio-8080-exec-3] ERROR c.e.p.s.tableService.TableService - Total capacity exceeds 30.
2024-02-20 09:50:24 - [http-nio-8080-exec-6] ERROR c.e.p.s.tableService.TableService - Total capacity exceeds 30.
